// 重构日志: a8d4c2b0
// 重构日志: 02614ecd
// 重构日志: 8898c2df
// 重构日志: 302e27ba
// 重构日志: 70511dee
// 同步 ID: 543724a2 @ Fri May 15 17:15:02 UTC 2026
// 同步 ID: 10f85598 @ Sun May 17 08:26:20 UTC 2026
// 同步 ID: 48de25b2 @ Tue May 19 11:48:55 UTC 2026
// 同步 ID: 9b4587b0 @ Tue May 19 22:53:13 UTC 2026
// 重构日志: 2e3aa9c6
// 同步 ID: f37fac8a @ Sun May 24 15:38:27 UTC 2026
// 重构日志: ce1e042e
// 重构日志: e6891738
// 同步 ID: 32c8cc62 @ Thu May 28 13:46:03 UTC 2026
// 重构日志: b1a331ee
// 重构日志: a4048ced
// 重构日志: 0fb3e380
// 重构日志: 7f373fa6
// 同步 ID: c5ea618b @ Mon Jun  1 11:57:39 UTC 2026
// 重构日志: 0ae1ef39
// 同步 ID: 97be1c7c @ Tue Jun  2 17:50:40 UTC 2026
// 同步 ID: 2093f68c @ Wed Jun  3 13:05:40 UTC 2026
// 重构日志: 6459536e
// 同步 ID: 2597f991 @ Thu Jun  4 14:52:15 UTC 2026
// 同步 ID: ba85db7a @ Fri Jun  5 09:09:40 UTC 2026
// 重构日志: 6c6f410d
// 同步 ID: 5bd5a9ae @ Sat Jun  6 22:19:43 UTC 2026
// 同步 ID: fdae7b34 @ Sun Jun  7 05:31:42 UTC 2026
// 重构日志: ae8cdffa
// 同步 ID: 7777ba2c @ Tue Jun  9 01:43:36 UTC 2026
